Power BI Auto Publisher: Found 2 PBIX file(s) to publish.
Power BI Auto Publisher: Launching PowerShell to publish reports...
Power BI Auto Publisher: 

Environment : Public
TenantId    : 94b3f1b2-8b3a-49e3-ba33-8b8fb6d18361
UserName    : J.FECK@montblanc.de

Publishing MTB BTQ Dashboard (Intern. Retail Sales) ...

Id        : f61bfdd6-866b-4257-abeb-ecd7c861dc60
Name      : MTB BTQ Dashboard (Intern. Retail Sales)
WebUrl    : https://app.powerbi.com/groups/df14a610-d984-42b7-a83a-11e45901e9e8/reports/f61bfdd6-866b-4257-abeb-ecd7c86
            1dc60
EmbedUrl  : https://app.powerbi.com/reportEmbed?reportId=f61bfdd6-866b-4257-abeb-ecd7c861dc60&config=eyJjbHVzdGVyVXJsIj
            oiaHR0cHM6Ly9XQUJJLVdFU1QtRVVST1BFLXJlZGlyZWN0LmFuYWx5c2lzLndpbmRvd3MubmV0IiwiZW1iZWRGZWF0dXJlcyI6eyJ1c2FnZ
            U1ldHJpY3NWTmV4dCI6dHJ1ZX19
DatasetId : 

Publishing MTB Retail KPIs (Intern. Retail Sales) ...

Id        : 1e46d87a-54d0-4c1d-b957-93ef7addc250
Name      : MTB Retail KPIs (Intern. Retail Sales)
WebUrl    : https://app.powerbi.com/groups/df14a610-d984-42b7-a83a-11e45901e9e8/reports/1e46d87a-54d0-4c1d-b957-93ef7ad
            dc250
EmbedUrl  : https://app.powerbi.com/reportEmbed?reportId=1e46d87a-54d0-4c1d-b957-93ef7addc250&config=eyJjbHVzdGVyVXJsIj
            oiaHR0cHM6Ly9XQUJJLVdFU1QtRVVST1BFLXJlZGlyZWN0LmFuYWx5c2lzLndpbmRvd3MubmV0IiwiZW1iZWRGZWF0dXJlcyI6eyJ1c2FnZ
            U1ldHJpY3NWTmV4dCI6dHJ1ZX19
DatasetId : 




Power BI Auto Publisher: All reports published successfully.
Power BI Auto Publisher: Moved file to output: MTB BTQ Dashboard (Intern. Retail Sales).pbix
Power BI Auto Publisher: Moved file to output: MTB Retail KPIs (Intern. Retail Sales).pbix
Power BI Auto Publisher: Publishing process completed.
Power BI Auto Publisher: Total files processed: 2
